2021-08-09 12:26:48 info: Listening on port 8080
2021-08-09 12:27:04 info: Listening on port 8888
2021-08-09 12:27:16 error: Error: /Users/jaes/vscode-projects/react-practices/07.Integration/app01.Emaillist/backend/views/error/404.ejs:10
    8| <body>
    9| 	<div id="container">
 >> 10| 		<%-include('../includes/header')%>
    11| 		<div id="content">
    12| 			<div style="line-height:200px; text-align:center">
    13|                 <h1>문서를 찾을 수가 없습니다.</h1>

Could not find the include file "../includes/header"
    at getIncludePath (/Users/jaes/vscode-projects/react-practices/07.Integration/app01.Emaillist/node_modules/ejs/lib/ejs.js:183:13)
    at includeFile (/Users/jaes/vscode-projects/react-practices/07.Integration/app01.Emaillist/node_modules/ejs/lib/ejs.js:309:19)
    at include (/Users/jaes/vscode-projects/react-practices/07.Integration/app01.Emaillist/node_modules/ejs/lib/ejs.js:690:16)
    at eval ("/Users/jaes/vscode-projects/react-practices/07.Integration/app01.Emaillist/backend/views/error/404.ejs":12:16)
    at 404 (/Users/jaes/vscode-projects/react-practices/07.Integration/app01.Emaillist/node_modules/ejs/lib/ejs.js:692:17)
    at tryHandleCache (/Users/jaes/vscode-projects/react-practices/07.Integration/app01.Emaillist/node_modules/ejs/lib/ejs.js:272:36)
    at View.exports.renderFile [as engine] (/Users/jaes/vscode-projects/react-practices/07.Integration/app01.Emaillist/node_modules/ejs/lib/ejs.js:489:10)
    at View.render (/Users/jaes/vscode-projects/react-practices/07.Integration/app01.Emaillist/node_modules/express/lib/view.js:135:8)
    at tryRender (/Users/jaes/vscode-projects/react-practices/07.Integration/app01.Emaillist/node_modules/express/lib/application.js:640:10)
    at Function.render (/Users/jaes/vscode-projects/react-practices/07.Integration/app01.Emaillist/node_modules/express/lib/application.js:592:3)
2021-08-09 12:27:29 error: Error: /Users/jaes/vscode-projects/react-practices/07.Integration/app01.Emaillist/backend/views/error/404.ejs:10
    8| <body>
    9| 	<div id="container">
 >> 10| 		<%-include('../includes/header')%>
    11| 		<div id="content">
    12| 			<div style="line-height:200px; text-align:center">
    13|                 <h1>문서를 찾을 수가 없습니다.</h1>

Could not find the include file "../includes/header"
    at getIncludePath (/Users/jaes/vscode-projects/react-practices/07.Integration/app01.Emaillist/node_modules/ejs/lib/ejs.js:183:13)
    at includeFile (/Users/jaes/vscode-projects/react-practices/07.Integration/app01.Emaillist/node_modules/ejs/lib/ejs.js:309:19)
    at include (/Users/jaes/vscode-projects/react-practices/07.Integration/app01.Emaillist/node_modules/ejs/lib/ejs.js:690:16)
    at eval ("/Users/jaes/vscode-projects/react-practices/07.Integration/app01.Emaillist/backend/views/error/404.ejs":12:16)
    at 404 (/Users/jaes/vscode-projects/react-practices/07.Integration/app01.Emaillist/node_modules/ejs/lib/ejs.js:692:17)
    at tryHandleCache (/Users/jaes/vscode-projects/react-practices/07.Integration/app01.Emaillist/node_modules/ejs/lib/ejs.js:272:36)
    at View.exports.renderFile [as engine] (/Users/jaes/vscode-projects/react-practices/07.Integration/app01.Emaillist/node_modules/ejs/lib/ejs.js:489:10)
    at View.render (/Users/jaes/vscode-projects/react-practices/07.Integration/app01.Emaillist/node_modules/express/lib/view.js:135:8)
    at tryRender (/Users/jaes/vscode-projects/react-practices/07.Integration/app01.Emaillist/node_modules/express/lib/application.js:640:10)
    at Function.render (/Users/jaes/vscode-projects/react-practices/07.Integration/app01.Emaillist/node_modules/express/lib/application.js:592:3)
2021-08-09 12:27:40 error: Error: Can't add new command when connection is in closed state
    at Connection._addCommandClosedState (/Users/jaes/vscode-projects/react-practices/07.Integration/app01.Emaillist/node_modules/mysql2/lib/connection.js:137:17)
    at Connection.end (/Users/jaes/vscode-projects/react-practices/07.Integration/app01.Emaillist/node_modules/mysql2/lib/connection.js:819:26)
    at Object.findAll (/Users/jaes/vscode-projects/react-practices/07.Integration/app01.Emaillist/backend/models/emaillist.js:17:18)
    at processTicksAndRejections (node:internal/process/task_queues:96:5)
    at async readAll (/Users/jaes/vscode-projects/react-practices/07.Integration/app01.Emaillist/backend/controllers/emaillist.js:6:29)
2021-08-09 12:27:59 error: Error: Can't add new command when connection is in closed state
    at Connection._addCommandClosedState (/Users/jaes/vscode-projects/react-practices/07.Integration/app01.Emaillist/node_modules/mysql2/lib/connection.js:137:17)
    at Connection.end (/Users/jaes/vscode-projects/react-practices/07.Integration/app01.Emaillist/node_modules/mysql2/lib/connection.js:819:26)
    at Object.findAll (/Users/jaes/vscode-projects/react-practices/07.Integration/app01.Emaillist/backend/models/emaillist.js:17:18)
    at processTicksAndRejections (node:internal/process/task_queues:96:5)
    at async readAll (/Users/jaes/vscode-projects/react-practices/07.Integration/app01.Emaillist/backend/controllers/emaillist.js:6:29)
2021-08-09 12:28:00 error: Error: Can't add new command when connection is in closed state
    at Connection._addCommandClosedState (/Users/jaes/vscode-projects/react-practices/07.Integration/app01.Emaillist/node_modules/mysql2/lib/connection.js:137:17)
    at Connection.end (/Users/jaes/vscode-projects/react-practices/07.Integration/app01.Emaillist/node_modules/mysql2/lib/connection.js:819:26)
    at Object.findAll (/Users/jaes/vscode-projects/react-practices/07.Integration/app01.Emaillist/backend/models/emaillist.js:17:18)
    at processTicksAndRejections (node:internal/process/task_queues:96:5)
    at async readAll (/Users/jaes/vscode-projects/react-practices/07.Integration/app01.Emaillist/backend/controllers/emaillist.js:6:29)
2021-08-09 12:28:02 error: Error: Failed to lookup view "index" in views directory "/Users/jaes/vscode-projects/react-practices/07.Integration/app01.Emaillist/backend/views"
    at Function.render (/Users/jaes/vscode-projects/react-practices/07.Integration/app01.Emaillist/node_modules/express/lib/application.js:580:17)
    at ServerResponse.render (/Users/jaes/vscode-projects/react-practices/07.Integration/app01.Emaillist/node_modules/express/lib/response.js:1012:7)
    at readAll (/Users/jaes/vscode-projects/react-practices/07.Integration/app01.Emaillist/backend/controllers/emaillist.js:7:17)
    at processTicksAndRejections (node:internal/process/task_queues:96:5)
2021-08-09 12:29:54 info: Listening on port 8888
2021-08-09 12:38:15 info: Listening on port 8888
2021-08-09 12:45:52 info: Listening on port 8888
2021-08-09 12:46:08 info: Listening on port 8888
2021-08-09 12:47:21 info: Listening on port 8888
2021-08-09 12:47:35 info: Listening on port 8888
2021-08-09 12:47:37 info: Listening on port 8888
2021-08-09 12:48:17 info: Listening on port 8888
2021-08-09 12:48:18 info: Listening on port 8888
2021-08-09 12:48:27 info: Listening on port 8888
2021-08-09 12:48:28 info: Listening on port 8888
2021-08-09 12:48:32 info: Listening on port 8888
2021-08-09 12:48:36 info: Listening on port 8888
2021-08-09 12:48:37 info: Listening on port 8888
2021-08-09 12:48:38 info: Listening on port 8888
2021-08-09 12:48:48 info: Listening on port 8888
2021-08-09 12:49:07 info: Listening on port 8888
2021-08-09 12:49:09 info: Listening on port 8888
2021-08-09 12:49:15 info: Listening on port 8888
2021-08-09 12:49:21 info: Listening on port 8888
2021-08-09 12:49:39 info: Listening on port 8888
2021-08-09 12:49:40 info: Listening on port 8888
2021-08-09 12:50:01 info: Listening on port 8888
2021-08-09 12:50:22 info: Listening on port 8888
